This is pdfTeX, Version 3.1415926-2.3-1.40.12 (MiKTeX 2.9 64-bit) (preloaded format=pdflatex 2012.9.10)  30 MAY 2014 11:19
entering extended mode
**C:/Users/olizardo/Google*Drive/SOCIOLOGY*OF*CULTURE/taste-change/tex/taste-st
ability.tex

("C:/Users/olizardo/Google Drive/SOCIOLOGY OF CULTURE/taste-change/tex/taste-st
ability.tex"
LaTeX2e <2011/06/27>
Babel <v3.8m> and hyphenation patterns for english, afrikaans, ancientgreek, ar
abic, armenian, assamese, basque, bengali, bokmal, bulgarian, catalan, coptic, 
croatian, czech, danish, dutch, esperanto, estonian, farsi, finnish, french, ga
lician, german, german-x-2009-06-19, greek, gujarati, hindi, hungarian, iceland
ic, indonesian, interlingua, irish, italian, kannada, kurmanji, lao, latin, lat
vian, lithuanian, malayalam, marathi, mongolian, mongolianlmc, monogreek, ngerm
an, ngerman-x-2009-06-19, nynorsk, oriya, panjabi, pinyin, polish, portuguese, 
romanian, russian, sanskrit, serbian, slovak, slovenian, spanish, swedish, swis
sgerman, tamil, telugu, turkish, turkmen, ukenglish, ukrainian, uppersorbian, u
senglishmax, welsh, loaded.
("C:\Program Files\MiKTeX 2.9\tex\latex\base\article.cls"
Document Class: article 2007/10/19 v1.4h Standard LaTeX document class
("C:\Program Files\MiKTeX 2.9\tex\latex\base\size11.clo"
File: size11.clo 2007/10/19 v1.4h Standard LaTeX file (size option)
)
\c@part=\count79
\c@section=\count80
\c@subsection=\count81
\c@subsubsection=\count82
\c@paragraph=\count83
\c@subparagraph=\count84
\c@figure=\count85
\c@table=\count86
\abovecaptionskip=\skip41
\belowcaptionskip=\skip42
\bibindent=\dimen102
)
(C:\Users\olizardo\AppData\Roaming\MiKTeX\2.9\tex\latex\setspace\setspace.sty
Package: setspace 2011/12/19 v6.7a set line spacing
)
("C:\Program Files\MiKTeX 2.9\tex\latex\natbib\natbib.sty"
Package: natbib 2010/09/13 8.31b (PWD, AO)
\bibhang=\skip43
\bibsep=\skip44
LaTeX Info: Redefining \cite on input line 694.
\c@NAT@ctr=\count87
)
("C:\Program Files\MiKTeX 2.9\tex\latex\geometry\geometry.sty"
Package: geometry 2010/09/12 v5.6 Page Geometry

("C:\Program Files\MiKTeX 2.9\tex\latex\graphics\keyval.sty"
Package: keyval 1999/03/16 v1.13 key=value parser (DPC)
\KV@toks@=\toks14
)
("C:\Program Files\MiKTeX 2.9\tex\generic\oberdiek\ifpdf.sty"
Package: ifpdf 2011/01/30 v2.3 Provides the ifpdf switch (HO)
Package ifpdf Info: pdfTeX in PDF mode is detected.
)
("C:\Program Files\MiKTeX 2.9\tex\generic\oberdiek\ifvtex.sty"
Package: ifvtex 2010/03/01 v1.5 Detect VTeX and its facilities (HO)
Package ifvtex Info: VTeX not detected.
)
("C:\Program Files\MiKTeX 2.9\tex\generic\ifxetex\ifxetex.sty"
Package: ifxetex 2010/09/12 v0.6 Provides ifxetex conditional
)
\Gm@cnth=\count88
\Gm@cntv=\count89
\c@Gm@tempcnt=\count90
\Gm@bindingoffset=\dimen103
\Gm@wd@mp=\dimen104
\Gm@odd@mp=\dimen105
\Gm@even@mp=\dimen106
\Gm@layoutwidth=\dimen107
\Gm@layoutheight=\dimen108
\Gm@layouthoffset=\dimen109
\Gm@layoutvoffset=\dimen110
\Gm@dimlist=\toks15

("C:\Program Files\MiKTeX 2.9\tex\latex\geometry\geometry.cfg"))
("C:\Users\olizardo\Google Drive\SOCIOLOGY OF CULTURE\taste-change\tex\taste-st
ability.aux")
LaTeX Font Info:    Checking defaults for OML/cmm/m/it on input line 11.
LaTeX Font Info:    ... okay on input line 11.
LaTeX Font Info:    Checking defaults for T1/cmr/m/n on input line 11.
LaTeX Font Info:    ... okay on input line 11.
LaTeX Font Info:    Checking defaults for OT1/cmr/m/n on input line 11.
LaTeX Font Info:    ... okay on input line 11.
LaTeX Font Info:    Checking defaults for OMS/cmsy/m/n on input line 11.
LaTeX Font Info:    ... okay on input line 11.
LaTeX Font Info:    Checking defaults for OMX/cmex/m/n on input line 11.
LaTeX Font Info:    ... okay on input line 11.
LaTeX Font Info:    Checking defaults for U/cmr/m/n on input line 11.
LaTeX Font Info:    ... okay on input line 11.

*geometry* driver: auto-detecting
*geometry* detected driver: pdftex
*geometry* verbose mode - [ preamble ] result:
* driver: pdftex
* paper: <default>
* layout: <same size as paper>
* layoutoffset:(h,v)=(0.0pt,0.0pt)
* modes: 
* h-part:(L,W,R)=(93.95122pt, 426.39256pt, 93.95122pt)
* v-part:(T,H,B)=(126.47249pt, 585.38745pt, 83.11005pt)
* \paperwidth=614.295pt
* \paperheight=794.96999pt
* \textwidth=426.39256pt
* \textheight=585.38745pt
* \oddsidemargin=21.68123pt
* \evensidemargin=21.68123pt
* \topmargin=17.2025pt
* \headheight=12.0pt
* \headsep=25.0pt
* \topskip=11.0pt
* \footskip=30.0pt
* \marginparwidth=59.0pt
* \marginparsep=10.0pt
* \columnsep=10.0pt
* \skip\footins=10.0pt plus 4.0pt minus 2.0pt
* \hoffset=0.0pt
* \voffset=0.0pt
* \mag=1000
* \@twocolumnfalse
* \@twosidefalse
* \@mparswitchfalse
* \@reversemarginfalse
* (1in=72.27pt=25.4mm, 1cm=28.453pt)

LaTeX Font Info:    External font `cmex10' loaded for size
(Font)              <12> on input line 12.
LaTeX Font Info:    External font `cmex10' loaded for size
(Font)              <8> on input line 12.
LaTeX Font Info:    External font `cmex10' loaded for size
(Font)              <6> on input line 12.
[1

{C:/Users/olizardo/AppData/Local/MiKTeX/2.9/pdftex/config/pdftex.map}]
Missing character: There is no Ō in font cmr10!
Missing character: There is no Ć in font cmr10!
Missing character: There is no ó in font cmr10!

[2]
Underfull \hbox (badness 10000) in paragraph at lines 26--26
[]\OT1/cmr/m/n/10.95 add ref-
 []


Underfull \hbox (badness 10000) in paragraph at lines 26--26
\OT1/cmr/m/n/10.95 er-ence to
 []


Underfull \hbox (badness 10000) in paragraph at lines 26--26
\OT1/cmr/m/n/10.95 Hol-brook
 []


Underfull \hbox (badness 10000) in paragraph at lines 26--26
\OT1/cmr/m/n/10.95 pa-per on
 []


Underfull \hbox (badness 2103) in paragraph at lines 26--26
\OT1/cmr/m/n/10.95 mu-sic taste
 []


("C:\Users\olizardo\Google Drive\SOCIOLOGY OF CULTURE\taste-change\tex\transmis
sion.tex" [3] [4] [5]
LaTeX Font Info:    External font `cmex10' loaded for size
(Font)              <10.95> on input line 14.
)
("C:\Users\olizardo\Google Drive\SOCIOLOGY OF CULTURE\taste-change\tex\conversi
on.tex" [6] [7]
Missing character: There is no Ō in font cmr10!
Missing character: There is no Ć in font cmr10!
Missing character: There is no ” in font cmr10!
Missing character: There is no Ō in font cmr10!
Missing character: There is no Ć in font cmr10!
Missing character: There is no £ in font cmr10!
Missing character: There is no Ō in font cmr10!
Missing character: There is no Ć in font cmr10!
Missing character: There is no Ø in font cmr10!
Missing character: There is no Ō in font cmr10!
Missing character: There is no Ć in font cmr10!
Missing character: There is no £ in font cmr10!
Missing character: There is no Ō in font cmr10!
Missing character: There is no Ć in font cmr10!
Missing character: There is no Ø in font cmr10!
 [8])
("C:\Users\olizardo\Google Drive\SOCIOLOGY OF CULTURE\taste-change\tex\evaluati
ng.tex"
Underfull \hbox (badness 4266) in paragraph at lines 5--5
[]\OT1/cmr/m/n/10.95 Talk about
 []


Underfull \hbox (badness 10000) in paragraph at lines 5--5
\OT1/cmr/m/n/10.95 DiMag-gio's
 []


Underfull \hbox (badness 10000) in paragraph at lines 7--7
[]\OT1/cmr/m/n/10.95 add quote
 []


Underfull \hbox (badness 1521) in paragraph at lines 7--7
\OT1/cmr/m/n/10.95 from Smith
 []


Underfull \hbox (badness 10000) in paragraph at lines 7--7
\OT1/cmr/m/n/10.95 and Hol-
 []

[9]
Missing character: There is no Ō in font cmr10!
Missing character: There is no Ć in font cmr10!
Missing character: There is no ó in font cmr10!
)
("C:\Users\olizardo\Google Drive\SOCIOLOGY OF CULTURE\taste-change\tex\implicat
ions.tex" [10] [11] [12]) [13] [14] [15]
("C:\Users\olizardo\Google Drive\SOCIOLOGY OF CULTURE\taste-change\tex\taste-st
ability.bbl"
Missing character: There is no ├ in font cmr9!
Missing character: There is no ā in font cmr9!
Missing character: There is no ┬ in font cmr9!
Missing character: There is no © in font cmr9!
 [16] [17] [18]) [19]
("C:\Users\olizardo\Google Drive\SOCIOLOGY OF CULTURE\taste-change\tex\taste-st
ability.aux") ) 
Here is how much of TeX's memory you used:
 1368 strings out of 494045
 20339 string characters out of 3148378
 78363 words of memory out of 3000000
 4687 multiletter control sequences out of 15000+200000
 9801 words of font info for 34 fonts, out of 3000000 for 9000
 715 hyphenation exceptions out of 8191
 23i,6n,24p,2031b,332s stack positions out of 5000i,500n,10000p,200000b,50000s
<C:/Program Files/MiKTeX 2.9/fonts/type1/public/amsfonts/cm/cmbx
10.pfb><C:/Program Files/MiKTeX 2.9/fonts/type1/public/amsfonts/cm/cmbx12.pfb><
C:/Program Files/MiKTeX 2.9/fonts/type1/public/amsfonts/cm/cmmi10.pfb><C:/Progr
am Files/MiKTeX 2.9/fonts/type1/public/amsfonts/cm/cmr10.pfb><C:/Program Files/
MiKTeX 2.9/fonts/type1/public/amsfonts/cm/cmr12.pfb><C:/Program Files/MiKTeX 2.
9/fonts/type1/public/amsfonts/cm/cmr17.pfb><C:/Program Files/MiKTeX 2.9/fonts/t
ype1/public/amsfonts/cm/cmr9.pfb><C:/Program Files/MiKTeX 2.9/fonts/type1/publi
c/amsfonts/cm/cmti10.pfb><C:/Program Files/MiKTeX 2.9/fonts/type1/public/amsfon
ts/cm/cmti9.pfb>
Output written on taste-stability.pdf (19 pages, 188143 bytes).
PDF statistics:
 100 PDF objects out of 1000 (max. 8388607)
 0 named destinations out of 1000 (max. 500000)
 1 words of extra memory for PDF output out of 10000 (max. 10000000)

