This is pdfTeX, Version 3.141592653-2.6-1.40.29 (TeX Live 2026) (preloaded format=pdflatex 2026.6.28)  21 JUL 2026 16:15
entering extended mode
 restricted \write18 enabled.
 file:line:error style messages enabled.
 %&-line parsing enabled.
**"/home/omarlizardo/CULTURE PROJECTS/OMAR PROJECTS/lizardo-taste-stability/manuscript.tex"
(/home/omarlizardo/CULTURE PROJECTS/OMAR PROJECTS/lizardo-taste-stability/manuscript.tex
LaTeX2e <2026-06-01>
L3 programming layer <2026-06-18>
(/home/omarlizardo/.TinyTeX/texmf-dist/tex/latex/base/article.cls
Document Class: article 2025/01/22 v1.4n Standard LaTeX document class
(/home/omarlizardo/.TinyTeX/texmf-dist/tex/latex/base/size10.clo
File: size10.clo 2025/01/22 v1.4n Standard LaTeX file (size option)
)
\c@part=\count276
\c@section=\count277
\c@subsection=\count278
\c@subsubsection=\count279
\c@paragraph=\count280
\c@subparagraph=\count281
\c@figure=\count282
\c@table=\count283
\abovecaptionskip=\skip49
\belowcaptionskip=\skip50
\bibindent=\dimen150
) (/home/omarlizardo/.TinyTeX/texmf-dist/tex/latex/amsmath/amsmath.sty
Package: amsmath 2026/05/19 v2.18d AMS math features
\@mathmargin=\skip51

For additional information on amsmath, use the `?' option.
(/home/omarlizardo/.TinyTeX/texmf-dist/tex/latex/amsmath/amstext.sty
Package: amstext 2024/11/17 v2.01 AMS text
 (/home/omarlizardo/.TinyTeX/texmf-dist/tex/latex/amsmath/amsgen.sty
File: amsgen.sty 1999/11/30 v2.0 generic functions
\@emptytoks=\toks17
\ex@=\dimen151
)) (/home/omarlizardo/.TinyTeX/texmf-dist/tex/latex/amsmath/amsbsy.sty
Package: amsbsy 1999/11/29 v1.2d Bold Symbols
\pmbraise@=\dimen152
) (/home/omarlizardo/.TinyTeX/texmf-dist/tex/latex/amsmath/amsopn.sty
Package: amsopn 2022/04/08 v2.04 operator names
)
\inf@bad=\count284
LaTeX Info: Redefining \frac on input line 233.
\uproot@=\count285
\leftroot@=\count286
LaTeX Info: Redefining \overline on input line 398.
LaTeX Info: Redefining \colon on input line 409.
\classnum@=\count287
\DOTSCASE@=\count288
LaTeX Info: Redefining \ldots on input line 495.
LaTeX Info: Redefining \dots on input line 498.
LaTeX Info: Redefining \cdots on input line 619.
\Mathstrutbox@=\box53
\strutbox@=\box54
LaTeX Info: Redefining \big on input line 721.
LaTeX Info: Redefining \Big on input line 722.
LaTeX Info: Redefining \bigg on input line 723.
LaTeX Info: Redefining \Bigg on input line 724.
\big@size=\dimen153
LaTeX Font Info:    Redeclaring font encoding OML on input line 742.
LaTeX Font Info:    Redeclaring font encoding OMS on input line 743.
\macc@depth=\count289
LaTeX Info: Redefining \bmod on input line 904.
LaTeX Info: Redefining \pmod on input line 909.
LaTeX Info: Redefining \smash on input line 939.
LaTeX Info: Redefining \relbar on input line 969.
LaTeX Info: Redefining \Relbar on input line 970.
\c@MaxMatrixCols=\count290
\dotsspace@=\muskip17
\c@parentequation=\count291
\dspbrk@lvl=\count292
\tag@help=\toks18
\row@=\count293
\column@=\count294
\maxfields@=\count295
\andhelp@=\toks19
\eqnshift@=\dimen154
\alignsep@=\dimen155
\tagshift@=\dimen156
\tagwidth@=\dimen157
\totwidth@=\dimen158
\lineht@=\dimen159
\@envbody=\toks20
\multlinegap=\skip52
\multlinetaggap=\skip53
\mathdisplay@stack=\toks21
LaTeX Info: Redefining \[ on input line 2965.
LaTeX Info: Redefining \] on input line 2966.
) (/home/omarlizardo/.TinyTeX/texmf-dist/tex/latex/amsfonts/amssymb.sty
Package: amssymb 2013/01/14 v3.01 AMS font symbols
 (/home/omarlizardo/.TinyTeX/texmf-dist/tex/latex/amsfonts/amsfonts.sty
Package: amsfonts 2013/01/14 v3.01 Basic AMSFonts support
\symAMSa=\mathgroup4
\symAMSb=\mathgroup5
LaTeX Font Info:    Redeclaring math symbol \hbar on input line 98.
LaTeX Font Info:    Overwriting math alphabet `\mathfrak' in version `bold'
(Font)                  U/euf/m/n --> U/euf/b/n on input line 106.
)) (/home/omarlizardo/.TinyTeX/texmf-dist/tex/generic/iftex/iftex.sty
Package: iftex 2024/12/12 v1.0g TeX engine tests
) (/home/omarlizardo/.TinyTeX/texmf-dist/tex/latex/base/fontenc.sty
Package: fontenc 2025/07/18 v2.1d Standard LaTeX package
) (/home/omarlizardo/.TinyTeX/texmf-dist/tex/latex/base/inputenc.sty
Package: inputenc 2024/02/08 v1.3d Input encoding file
\inpenc@prehook=\toks22
\inpenc@posthook=\toks23
) (/home/omarlizardo/.TinyTeX/texmf-dist/tex/latex/base/textcomp.sty
Package: textcomp 2024/04/24 v2.1b Standard LaTeX package
) (/home/omarlizardo/.TinyTeX/texmf-dist/tex/latex/lm/lmodern.sty
Package: lmodern 2015/05/01 v1.6.1 Latin Modern Fonts
LaTeX Font Info:    Overwriting symbol font `operators' in version `normal'
(Font)                  OT1/cmr/m/n --> OT1/lmr/m/n on input line 22.
LaTeX Font Info:    Overwriting symbol font `letters' in version `normal'
(Font)                  OML/cmm/m/it --> OML/lmm/m/it on input line 23.
LaTeX Font Info:    Overwriting symbol font `symbols' in version `normal'
(Font)                  OMS/cmsy/m/n --> OMS/lmsy/m/n on input line 24.
LaTeX Font Info:    Overwriting symbol font `largesymbols' in version `normal'
(Font)                  OMX/cmex/m/n --> OMX/lmex/m/n on input line 25.
LaTeX Font Info:    Overwriting symbol font `operators' in version `bold'
(Font)                  OT1/cmr/bx/n --> OT1/lmr/bx/n on input line 26.
LaTeX Font Info:    Overwriting symbol font `letters' in version `bold'
(Font)                  OML/cmm/b/it --> OML/lmm/b/it on input line 27.
LaTeX Font Info:    Overwriting symbol font `symbols' in version `bold'
(Font)                  OMS/cmsy/b/n --> OMS/lmsy/b/n on input line 28.
LaTeX Font Info:    Overwriting symbol font `largesymbols' in version `bold'
(Font)                  OMX/cmex/m/n --> OMX/lmex/m/n on input line 29.
LaTeX Font Info:    Overwriting math alphabet `\mathbf' in version `normal'
(Font)                  OT1/cmr/bx/n --> OT1/lmr/bx/n on input line 31.
LaTeX Font Info:    Overwriting math alphabet `\mathsf' in version `normal'
(Font)                  OT1/cmss/m/n --> OT1/lmss/m/n on input line 32.
LaTeX Font Info:    Overwriting math alphabet `\mathit' in version `normal'
(Font)                  OT1/cmr/m/it --> OT1/lmr/m/it on input line 33.
LaTeX Font Info:    Overwriting math alphabet `\mathtt' in version `normal'
(Font)                  OT1/cmtt/m/n --> OT1/lmtt/m/n on input line 34.
LaTeX Font Info:    Overwriting math alphabet `\mathbf' in version `bold'
(Font)                  OT1/cmr/bx/n --> OT1/lmr/bx/n on input line 35.
LaTeX Font Info:    Overwriting math alphabet `\mathsf' in version `bold'
(Font)                  OT1/cmss/bx/n --> OT1/lmss/bx/n on input line 36.
LaTeX Font Info:    Overwriting math alphabet `\mathit' in version `bold'
(Font)                  OT1/cmr/bx/it --> OT1/lmr/bx/it on input line 37.
LaTeX Font Info:    Overwriting math alphabet `\mathtt' in version `bold'
(Font)                  OT1/cmtt/m/n --> OT1/lmtt/m/n on input line 38.
) (/home/omarlizardo/.TinyTeX/texmf-dist/tex/latex/upquote/upquote.sty
Package: upquote 2012/04/19 v1.3 upright-quote and grave-accent glyphs in verbatim
) (/home/omarlizardo/.TinyTeX/texmf-dist/tex/latex/microtype/microtype.sty
Package: microtype 2026/03/01 v3.2d Micro-typographical refinements (RS)
 (/home/omarlizardo/.TinyTeX/texmf-dist/tex/latex/graphics/keyval.sty
Package: keyval 2026-05-17 v1.15 key=value parser (DPC)
\KV@toks@=\toks24
) (/home/omarlizardo/.TinyTeX/texmf-dist/tex/latex/etoolbox/etoolbox.sty
Package: etoolbox 2025/10/02 v2.5m e-TeX tools for LaTeX (JAW)
\etb@tempcnta=\count296
)
\MT@toks=\toks25
\MT@tempbox=\box55
\MT@count=\count297
LaTeX Info: Redefining \noprotrusionifhmode on input line 1084.
LaTeX Info: Redefining \leftprotrusion on input line 1085.
\MT@prot@toks=\toks26
LaTeX Info: Redefining \rightprotrusion on input line 1104.
LaTeX Info: Redefining \textls on input line 1449.
\MT@outer@kern=\dimen160
LaTeX Info: Redefining \microtypecontext on input line 2053.
LaTeX Info: Redefining \textmicrotypecontext on input line 2070.
\MT@listname@count=\count298
 (/home/omarlizardo/.TinyTeX/texmf-dist/tex/latex/microtype/microtype-pdftex.def
File: microtype-pdftex.def 2026/03/01 v3.2d Definitions specific to pdftex (RS)
LaTeX Info: Redefining \lsstyle on input line 944.
LaTeX Info: Redefining \lslig on input line 944.
\MT@outer@space=\skip54
)
Package microtype Info: Loading configuration file microtype.cfg.
 (/home/omarlizardo/.TinyTeX/texmf-dist/tex/latex/microtype/microtype.cfg
File: microtype.cfg 2026/03/01 v3.2d microtype main configuration file (RS)
)
LaTeX Info: Redefining \microtypesetup on input line 3065.
) (/home/omarlizardo/.TinyTeX/texmf-dist/tex/latex/parskip/parskip.sty
Package: parskip 2021-03-14 v2.0h non-zero parskip adjustments
 (/home/omarlizardo/.TinyTeX/texmf-dist/tex/latex/kvoptions/kvoptions.sty
Package: kvoptions 2022-06-15 v3.15 Key value format for package options (HO)
 (/home/omarlizardo/.TinyTeX/texmf-dist/tex/generic/ltxcmds/ltxcmds.sty
Package: ltxcmds 2023-12-04 v1.26 LaTeX kernel commands for general use (HO)
) (/home/omarlizardo/.TinyTeX/texmf-dist/tex/latex/kvsetkeys/kvsetkeys.sty
Package: kvsetkeys 2022-10-05 v1.19 Key value parser (HO)
))) (/home/omarlizardo/.TinyTeX/texmf-dist/tex/latex/xcolor/xcolor.sty
Package: xcolor 2024/09/29 v3.02 LaTeX color extensions (UK)
 (/home/omarlizardo/.TinyTeX/texmf-dist/tex/latex/graphics-cfg/color.cfg
File: color.cfg 2016/01/02 v1.6 sample color configuration
)
Package xcolor Info: Driver file: pdftex.def on input line 274.
 (/home/omarlizardo/.TinyTeX/texmf-dist/tex/latex/graphics-def/pdftex.def
File: pdftex.def 2025/09/29 v1.2d Graphics/color driver for pdftex
) (/home/omarlizardo/.TinyTeX/texmf-dist/tex/latex/graphics/mathcolor.ltx)
Package xcolor Info: Model `cmy' substituted by `cmy0' on input line 1349.
Package xcolor Info: Model `hsb' substituted by `rgb' on input line 1353.
Package xcolor Info: Model `RGB' extended on input line 1365.
Package xcolor Info: Model `HTML' substituted by `rgb' on input line 1367.
Package xcolor Info: Model `Hsb' substituted by `hsb' on input line 1368.
Package xcolor Info: Model `tHsb' substituted by `hsb' on input line 1369.
Package xcolor Info: Model `HSB' substituted by `hsb' on input line 1370.
Package xcolor Info: Model `Gray' substituted by `gray' on input line 1371.
Package xcolor Info: Model `wave' substituted by `hsb' on input line 1372.
) (/home/omarlizardo/.TinyTeX/texmf-dist/tex/latex/tools/longtable.sty
Package: longtable 2026-01-28 v4.27 Multi-page Table package (DPC)
\LTleft=\skip55
\LTright=\skip56
\LTpre=\skip57
\LTpost=\skip58
\LTchunksize=\count299
\LTcapwidth=\dimen161
\LT@head=\box56
\LT@firsthead=\box57
\LT@foot=\box58
\LT@lastfoot=\box59
\LT@gbox=\box60
\LT@cols=\count300
\LT@rows=\count301
\c@LT@tables=\count302
\c@LT@chunks=\count303
\LT@p@ftn=\toks27
) (/home/omarlizardo/.TinyTeX/texmf-dist/tex/latex/booktabs/booktabs.sty
Package: booktabs 2020/01/12 v1.61803398 Publication quality tables
\heavyrulewidth=\dimen162
\lightrulewidth=\dimen163
\cmidrulewidth=\dimen164
\belowrulesep=\dimen165
\belowbottomsep=\dimen166
\aboverulesep=\dimen167
\abovetopsep=\dimen168
\cmidrulesep=\dimen169
\cmidrulekern=\dimen170
\defaultaddspace=\dimen171
\@cmidla=\count304
\@cmidlb=\count305
\@aboverulesep=\dimen172
\@belowrulesep=\dimen173
\@thisruleclass=\count306
\@lastruleclass=\count307
\@thisrulewidth=\dimen174
) (/home/omarlizardo/.TinyTeX/texmf-dist/tex/latex/tools/array.sty
Package: array 2026/02/24 v2.7b Tabular extension package (FMi)
\col@sep=\dimen175
\ar@mcellbox=\box61
\extrarowheight=\dimen176
\NC@list=\toks28
\extratabsurround=\skip59
\backup@length=\skip60
\ar@cellbox=\box62
) (/home/omarlizardo/.TinyTeX/texmf-dist/tex/latex/tools/calc.sty
Package: calc 2025/03/01 v4.3b Infix arithmetic (KKT,FJ)
\calc@Acount=\count308
\calc@Bcount=\count309
\calc@Adimen=\dimen177
\calc@Bdimen=\dimen178
\calc@Askip=\skip61
\calc@Bskip=\skip62
LaTeX Info: Redefining \setlength on input line 86.
LaTeX Info: Redefining \addtolength on input line 87.
\calc@Ccount=\count310
\calc@Cskip=\skip63
) (/home/omarlizardo/.TinyTeX/texmf-dist/tex/latex/mdwtools/footnote.sty
Package: footnote 1997/01/28 1.13 Save footnotes around boxes
\fn@notes=\box63
\fn@width=\dimen179
) (/home/omarlizardo/.TinyTeX/texmf-dist/tex/latex/graphics/graphicx.sty
Package: graphicx 2026-05-17 v1.2e Enhanced LaTeX Graphics (DPC,SPQR)
 (/home/omarlizardo/.TinyTeX/texmf-dist/tex/latex/graphics/graphics.sty
Package: graphics 2026-05-17 v1.4h Standard LaTeX Graphics (DPC,SPQR)
 (/home/omarlizardo/.TinyTeX/texmf-dist/tex/latex/graphics/trig.sty
Package: trig 2023/12/02 v1.11 sin cos tan (DPC)
) (/home/omarlizardo/.TinyTeX/texmf-dist/tex/latex/graphics-cfg/graphics.cfg
File: graphics.cfg 2016/06/04 v1.11 sample graphics configuration
)
Package graphics Info: Driver file: pdftex.def on input line 106.
)
\Gin@req@height=\dimen180
\Gin@req@width=\dimen181
) (/home/omarlizardo/.TinyTeX/texmf-dist/tex/latex/bookmark/bookmark.sty
Package: bookmark 2026-05-21 v1.32 PDF bookmarks (HO)
 (/home/omarlizardo/.TinyTeX/texmf-dist/tex/latex/hyperref/hyperref.sty
Package: hyperref 2026-06-17 v7.01r Hypertext links for LaTeX
 (/home/omarlizardo/.TinyTeX/texmf-dist/tex/generic/kvdefinekeys/kvdefinekeys.sty
Package: kvdefinekeys 2019-12-19 v1.6 Define keys (HO)
) (/home/omarlizardo/.TinyTeX/texmf-dist/tex/generic/pdfescape/pdfescape.sty
Package: pdfescape 2019/12/09 v1.15 Implements pdfTeX's escape features (HO)
 (/home/omarlizardo/.TinyTeX/texmf-dist/tex/generic/pdftexcmds/pdftexcmds.sty
Package: pdftexcmds 2020-06-27 v0.33 Utility functions of pdfTeX for LuaTeX (HO)
 (/home/omarlizardo/.TinyTeX/texmf-dist/tex/generic/infwarerr/infwarerr.sty
Package: infwarerr 2019/12/03 v1.5 Providing info/warning/error messages (HO)
)
Package pdftexcmds Info: \pdf@primitive is available.
Package pdftexcmds Info: \pdf@ifprimitive is available.
Package pdftexcmds Info: \pdfdraftmode found.
)) (/home/omarlizardo/.TinyTeX/texmf-dist/tex/latex/hycolor/hycolor.sty
Package: hycolor 2020-01-27 v1.10 Color options for hyperref/bookmark (HO)
) (/home/omarlizardo/.TinyTeX/texmf-dist/tex/latex/hyperref/nameref.sty
Package: nameref 2026-01-29 v2.58 Cross-referencing by name of section
 (/home/omarlizardo/.TinyTeX/texmf-dist/tex/latex/refcount/refcount.sty
Package: refcount 2019/12/15 v3.6 Data extraction from label references (HO)
) (/home/omarlizardo/.TinyTeX/texmf-dist/tex/generic/gettitlestring/gettitlestring.sty
Package: gettitlestring 2019/12/15 v1.6 Cleanup title references (HO)
)
\c@section@level=\count311
) (/home/omarlizardo/.TinyTeX/texmf-dist/tex/generic/stringenc/stringenc.sty
Package: stringenc 2019/11/29 v1.12 Convert strings between diff. encodings (HO)
)
\@linkdim=\dimen182
\Hy@linkcounter=\count312
\Hy@pagecounter=\count313
 (/home/omarlizardo/.TinyTeX/texmf-dist/tex/latex/hyperref/pd1enc.def
File: pd1enc.def 2026-06-17 v7.01r Hyperref: PDFDocEncoding definition (HO)
Now handling font encoding PD1 ...
... no UTF-8 mapping file for font encoding PD1
) (/home/omarlizardo/.TinyTeX/texmf-dist/tex/generic/intcalc/intcalc.sty
Package: intcalc 2019/12/15 v1.3 Expandable calculations with integers (HO)
)
\Hy@SavedSpaceFactor=\count314
 (/home/omarlizardo/.TinyTeX/texmf-dist/tex/latex/hyperref/puenc.def
File: puenc.def 2026-06-17 v7.01r Hyperref: PDF Unicode definition (HO)
Now handling font encoding PU ...
... no UTF-8 mapping file for font encoding PU
)
Package hyperref Info: Option `unicode' set `true' on input line 4070.
Package hyperref Info: Hyper figures OFF on input line 4199.
Package hyperref Info: Link nesting OFF on input line 4204.
Package hyperref Info: Hyper index ON on input line 4207.
Package hyperref Info: Plain pages OFF on input line 4214.
Package hyperref Info: Backreferencing OFF on input line 4219.
Package hyperref Info: Implicit mode ON; LaTeX internals redefined.
Package hyperref Info: Bookmarks ON on input line 4466.
\c@Hy@tempcnt=\count315
 (/home/omarlizardo/.TinyTeX/texmf-dist/tex/latex/url/url.sty
\Urlmuskip=\muskip18
Package: url 2013/09/16  ver 3.4  Verb mode for urls, etc.
)
LaTeX Info: Redefining \url on input line 4805.
\XeTeXLinkMargin=\dimen183
 (/home/omarlizardo/.TinyTeX/texmf-dist/tex/generic/bitset/bitset.sty
Package: bitset 2019/12/09 v1.3 Handle bit-vector datatype (HO)
 (/home/omarlizardo/.TinyTeX/texmf-dist/tex/generic/bigintcalc/bigintcalc.sty
Package: bigintcalc 2019/12/15 v1.5 Expandable calculations on big integers (HO)
))
\Fld@menulength=\count316
\Field@Width=\dimen184
\Fld@charsize=\dimen185
Package hyperref Info: Hyper figures OFF on input line 6091.
Package hyperref Info: Link nesting OFF on input line 6096.
Package hyperref Info: Hyper index ON on input line 6099.
Package hyperref Info: backreferencing OFF on input line 6106.
Package hyperref Info: Link coloring OFF on input line 6111.
Package hyperref Info: Link coloring with OCG OFF on input line 6116.
Package hyperref Info: PDF/A mode OFF on input line 6121.
\Hy@abspage=\count317
\c@Item=\count318
\c@Hfootnote=\count319
)
Package hyperref Info: Driver (autodetected): hpdftex.
 (/home/omarlizardo/.TinyTeX/texmf-dist/tex/latex/hyperref/hpdftex.def
File: hpdftex.def 2026-06-17 v7.01r Hyperref driver for pdfTeX
\Fld@listcount=\count320
\c@bookmark@seq@number=\count321
 (/home/omarlizardo/.TinyTeX/texmf-dist/tex/latex/rerunfilecheck/rerunfilecheck.sty
Package: rerunfilecheck 2025-06-21 v1.11 Rerun checks for auxiliary files (HO)
 (/home/omarlizardo/.TinyTeX/texmf-dist/tex/generic/uniquecounter/uniquecounter.sty
Package: uniquecounter 2019/12/15 v1.4 Provide unlimited unique counter (HO)
)
Package uniquecounter Info: New unique counter `rerunfilecheck' on input line 284.
)
\Hy@SectionHShift=\skip64
) (/home/omarlizardo/.TinyTeX/texmf-dist/tex/latex/l3backend/l3backend-pdftex.def
File: l3backend-pdftex.def 2026-02-18 L3 backend support: PDF output (pdfTeX)
\l__color_backend_stack_int=\count322
) (/home/omarlizardo/.TinyTeX/texmf-dist/tex/latex/bookmark/bkm-pdftex.def
File: bkm-pdftex.def 2026-05-21 v1.32 bookmark driver for pdfTeX (HO)
\BKM@id=\count323
)) (/home/omarlizardo/.TinyTeX/texmf-dist/tex/latex/xurl/xurl.sty
Package: xurl 2022/01/09 v 0.10 modify URL breaks
)
LaTeX Font Info:    Trying to load font information for T1+lmr on input line 88.
 (/home/omarlizardo/.TinyTeX/texmf-dist/tex/latex/lm/t1lmr.fd
File: t1lmr.fd 2015/05/01 v1.6.1 Font defs for Latin Modern
) (./manuscript.aux)
\openout1 = `manuscript.aux'.

LaTeX Font Info:    Checking defaults for OML/cmm/m/it on input line 88.
LaTeX Font Info:    ... okay on input line 88.
LaTeX Font Info:    Checking defaults for OMS/cmsy/m/n on input line 88.
LaTeX Font Info:    ... okay on input line 88.
LaTeX Font Info:    Checking defaults for OT1/cmr/m/n on input line 88.
LaTeX Font Info:    ... okay on input line 88.
LaTeX Font Info:    Checking defaults for T1/cmr/m/n on input line 88.
LaTeX Font Info:    ... okay on input line 88.
LaTeX Font Info:    Checking defaults for TS1/cmr/m/n on input line 88.
LaTeX Font Info:    ... okay on input line 88.
LaTeX Font Info:    Checking defaults for OMX/cmex/m/n on input line 88.
LaTeX Font Info:    ... okay on input line 88.
LaTeX Font Info:    Checking defaults for U/cmr/m/n on input line 88.
LaTeX Font Info:    ... okay on input line 88.
LaTeX Font Info:    Checking defaults for PD1/pdf/m/n on input line 88.
LaTeX Font Info:    ... okay on input line 88.
LaTeX Font Info:    Checking defaults for PU/pdf/m/n on input line 88.
LaTeX Font Info:    ... okay on input line 88.
LaTeX Info: Redefining \microtypecontext on input line 88.
Package microtype Info: Applying patch `item' on input line 88.
Package microtype Info: Applying patch `toc' on input line 88.
Package microtype Info: Applying patch `eqnum' on input line 88.
Package microtype Info: Applying patch `footnote' on input line 88.
Package microtype Info: Applying patch `verbatim' on input line 88.
LaTeX Info: Redefining \microtypesetup on input line 88.
Package microtype Info: Generating PDF output.
Package microtype Info: Character protrusion enabled (level 2).
Package microtype Info: Using protrusion set `basicmath'.
Package microtype Info: Automatic font expansion enabled (level 2),
(microtype)             stretch: 20, shrink: 20, step: 1, non-selected.
Package microtype Info: Using default expansion set `alltext-nott'.
Package microtype Info: Patching command `\showhyphens'.
Package microtype Info: No adjustment of tracking.
Package microtype Info: No adjustment of interword spacing.
Package microtype Info: No adjustment of character kerning.
 (/home/omarlizardo/.TinyTeX/texmf-dist/tex/latex/microtype/mt-cmr.cfg
File: mt-cmr.cfg 2013/05/19 v2.2 microtype config. file: Computer Modern Roman (RS)
) (/home/omarlizardo/.TinyTeX/texmf-dist/tex/latex/epstopdf-pkg/epstopdf-base.sty
Package: epstopdf-base 2020-01-24 v2.11 Base part for package epstopdf
Package epstopdf-base Info: Redefining graphics rule for `.eps' on input line 485.
 (/home/omarlizardo/.TinyTeX/texmf-dist/tex/latex/latexconfig/epstopdf-sys.cfg
File: epstopdf-sys.cfg 2010/07/13 v1.3 Configuration of (r)epstopdf for TeX Live
))
Package hyperref Info: Link coloring OFF on input line 88.
LaTeX Font Info:    Trying to load font information for OT1+lmr on input line 90.
 (/home/omarlizardo/.TinyTeX/texmf-dist/tex/latex/lm/ot1lmr.fd
File: ot1lmr.fd 2015/05/01 v1.6.1 Font defs for Latin Modern
)
LaTeX Font Info:    Trying to load font information for OML+lmm on input line 90.
 (/home/omarlizardo/.TinyTeX/texmf-dist/tex/latex/lm/omllmm.fd
File: omllmm.fd 2015/05/01 v1.6.1 Font defs for Latin Modern
)
LaTeX Font Info:    Trying to load font information for OMS+lmsy on input line 90.
 (/home/omarlizardo/.TinyTeX/texmf-dist/tex/latex/lm/omslmsy.fd
File: omslmsy.fd 2015/05/01 v1.6.1 Font defs for Latin Modern
)
LaTeX Font Info:    Trying to load font information for OMX+lmex on input line 90.
 (/home/omarlizardo/.TinyTeX/texmf-dist/tex/latex/lm/omxlmex.fd
File: omxlmex.fd 2015/05/01 v1.6.1 Font defs for Latin Modern
)
LaTeX Font Info:    External font `lmex10' loaded for size
(Font)              <17.28> on input line 90.
LaTeX Font Info:    External font `lmex10' loaded for size
(Font)              <12> on input line 90.
LaTeX Font Info:    External font `lmex10' loaded for size
(Font)              <10> on input line 90.
LaTeX Font Info:    Trying to load font information for U+msa on input line 90.
 (/home/omarlizardo/.TinyTeX/texmf-dist/tex/latex/amsfonts/umsa.fd
File: umsa.fd 2013/01/14 v3.01 AMS symbols A
) (/home/omarlizardo/.TinyTeX/texmf-dist/tex/latex/microtype/mt-msa.cfg
File: mt-msa.cfg 2006/02/04 v1.1 microtype config. file: AMS symbols (a) (RS)
)
LaTeX Font Info:    Trying to load font information for U+msb on input line 90.
 (/home/omarlizardo/.TinyTeX/texmf-dist/tex/latex/amsfonts/umsb.fd
File: umsb.fd 2013/01/14 v3.01 AMS symbols B
) (/home/omarlizardo/.TinyTeX/texmf-dist/tex/latex/microtype/mt-msb.cfg
File: mt-msb.cfg 2005/06/01 v1.0 microtype config. file: AMS symbols (b) (RS)
)
LaTeX Font Info:    Trying to load font information for TS1+lmr on input line 90.
 (/home/omarlizardo/.TinyTeX/texmf-dist/tex/latex/lm/ts1lmr.fd
File: ts1lmr.fd 2015/05/01 v1.6.1 Font defs for Latin Modern
)
LaTeX Font Info:    External font `lmex10' loaded for size
(Font)              <8> on input line 90.
LaTeX Font Info:    External font `lmex10' loaded for size
(Font)              <6> on input line 90.
LaTeX Font Info:    External font `lmex10' loaded for size
(Font)              <5> on input line 90.
LaTeX Font Info:    External font `lmex10' loaded for size
(Font)              <7> on input line 101.
 [1

{/home/omarlizardo/.TinyTeX/texmf-var/fonts/map/pdftex/updmap/pdftex.map}{/home/omarlizardo/.TinyTeX/texmf-dist/fonts/enc/dvips/lm/lm-ec.enc}{/home/omarlizardo/.TinyTeX/texmf-dist/fonts/enc/dvips/lm/lm-ts1.enc}] [2] [3] [4] [5] [6] [7] [8]

/home/omarlizardo/CULTURE PROJECTS/OMAR PROJECTS/lizardo-taste-stability/manuscript.tex:539: LaTeX Error: There's no line here to end.

See the LaTeX manual or LaTeX Companion for explanation.
Type  H <return>  for immediate help.
 ...                                              
                                                  
l.539 \\e
         mph{Cultural taste loss indicators}. The PCS collected information for
Your command was ignored.
Type  I <command> <return>  to replace it with another command,
or  <return>  to continue without it.

[9] [10]

LaTeX Warning: File `media/image1.emf' not found on input line 663.


/home/omarlizardo/CULTURE PROJECTS/OMAR PROJECTS/lizardo-taste-stability/manuscript.tex:663: LaTeX Error: Unknown graphics extension: .emf.

See the LaTeX manual or LaTeX Companion for explanation.
Type  H <return>  for immediate help.
 ...                                              
                                                  
l.663 ...319in,height=3.10417in]{media/image1.emf}
                                                  
Try typing  <return>  to proceed.
If that doesn't work, type  X <return>  to quit.

[11]

/home/omarlizardo/CULTURE PROJECTS/OMAR PROJECTS/lizardo-taste-stability/manuscript.tex:722: LaTeX Error: Unicode character γ (U+03B3)
               not set up for use with LaTeX.

See the LaTeX manual or LaTeX Companion for explanation.
Type  H <return>  for immediate help.
 ...                                              
                                                  
l.722 ... 1.3.} In the regression model, \emph{γ}
                                                   is
You may provide a definition with
\DeclareUnicodeCharacter 


/home/omarlizardo/CULTURE PROJECTS/OMAR PROJECTS/lizardo-taste-stability/manuscript.tex:726: LaTeX Error: Unicode character γ (U+03B3)
               not set up for use with LaTeX.

See the LaTeX manual or LaTeX Companion for explanation.
Type  H <return>  for immediate help.
 ...                                              
                                                  
l.726 above), then we should observe \emph{γ}
                                              \textgreater0 for each of the
You may provide a definition with
\DeclareUnicodeCharacter 


/home/omarlizardo/CULTURE PROJECTS/OMAR PROJECTS/lizardo-taste-stability/manuscript.tex:730: LaTeX Error: Unicode character β (U+03B2)
               not set up for use with LaTeX.

See the LaTeX manual or LaTeX Companion for explanation.
Type  H <return>  for immediate help.
 ...                                              
                                                  
l.730 characteristics and \emph{β}
                                    is a \emph{k} x 1 vector of coefficients
You may provide a definition with
\DeclareUnicodeCharacter 

[12{/home/omarlizardo/.TinyTeX/texmf-dist/fonts/enc/dvips/lm/lm-rm.enc}{/home/omarlizardo/.TinyTeX/texmf-dist/fonts/enc/dvips/lm/lm-mathit.enc}{/home/omarlizardo/.TinyTeX/texmf-dist/fonts/enc/dvips/lm/lm-mathsy.enc}]

/home/omarlizardo/CULTURE PROJECTS/OMAR PROJECTS/lizardo-taste-stability/manuscript.tex:753: LaTeX Error: Unicode character ≈ (U+2248)
               not set up for use with LaTeX.

See the LaTeX manual or LaTeX Companion for explanation.
Type  H <return>  for immediate help.
 ...                                              
                                                  
l.753 ...y of respondents retain their tastes (≈
                                                  98\%). When taste loss is
You may provide a definition with
\DeclareUnicodeCharacter 


/home/omarlizardo/CULTURE PROJECTS/OMAR PROJECTS/lizardo-taste-stability/manuscript.tex:770: LaTeX Error: Unicode character γ (U+03B3)
               not set up for use with LaTeX.

See the LaTeX manual or LaTeX Companion for explanation.
Type  H <return>  for immediate help.
 ...                                              
                                                  
l.770 (\emph{γ\textsubscript{k }}
                                  \textgreater0, \emph{p}\textless0.05 for
You may provide a definition with
\DeclareUnicodeCharacter 


/home/omarlizardo/CULTURE PROJECTS/OMAR PROJECTS/lizardo-taste-stability/manuscript.tex:776: LaTeX Error: Unicode character γ (U+03B3)
               not set up for use with LaTeX.

See the LaTeX manual or LaTeX Companion for explanation.
Type  H <return>  for immediate help.
 ...                                              
                                                  
l.776 (\emph{γ}
                 also statistically significantly different from zero for all
You may provide a definition with
\DeclareUnicodeCharacter 

[13]

/home/omarlizardo/CULTURE PROJECTS/OMAR PROJECTS/lizardo-taste-stability/manuscript.tex:803: LaTeX Error: Unicode character χ (U+03C7)
               not set up for use with LaTeX.

See the LaTeX manual or LaTeX Companion for explanation.
Type  H <return>  for immediate help.
 ...                                              
                                                  
l.803 In all looking at the relatively high χ
                                              \textsuperscript{2} value for
You may provide a definition with
\DeclareUnicodeCharacter 

[14]

/home/omarlizardo/CULTURE PROJECTS/OMAR PROJECTS/lizardo-taste-stability/manuscript.tex:879: LaTeX Error: There's no line here to end.

See the LaTeX manual or LaTeX Companion for explanation.
Type  H <return>  for immediate help.
 ...                                              
                                                  
l.879 \\e
         mph{Within-Between (Mundlak) Poisson Models}. To take this issue
Your command was ignored.
Type  I <command> <return>  to replace it with another command,
or  <return>  to continue without it.

[15{/home/omarlizardo/.TinyTeX/texmf-dist/fonts/enc/dvips/lm/lm-mathex.enc}]

/home/omarlizardo/CULTURE PROJECTS/OMAR PROJECTS/lizardo-taste-stability/manuscript.tex:909: LaTeX Error: Unicode character γ (U+03B3)
               not set up for use with LaTeX.

See the LaTeX manual or LaTeX Companion for explanation.
Type  H <return>  for immediate help.
 ...                                              
                                                  
l.909 period} (γ
                 \textgreater0, \emph{p}\textless0.05). While not definitive
You may provide a definition with
\DeclareUnicodeCharacter 


/home/omarlizardo/CULTURE PROJECTS/OMAR PROJECTS/lizardo-taste-stability/manuscript.tex:921: LaTeX Error: Unicode character γ (U+03B3)
               not set up for use with LaTeX.

See the LaTeX manual or LaTeX Companion for explanation.
Type  H <return>  for immediate help.
 ...                                              
                                                  
l.921 associations (\emph{γ}
                             \textgreater0, \emph{p}\textless0.05). As Feld
You may provide a definition with
\DeclareUnicodeCharacter 

[16] [17] [18] [19] [20] [21] [22] [23] [24] [25] [26]

LaTeX Warning: File `media/image1.emf' not found on input line 1555.


/home/omarlizardo/CULTURE PROJECTS/OMAR PROJECTS/lizardo-taste-stability/manuscript.tex:1555: LaTeX Error: Unknown graphics extension: .emf.

See the LaTeX manual or LaTeX Companion for explanation.
Type  H <return>  for immediate help.
 ...                                              
                                                  
l.1555 ...19in,height=3.10417in]{media/image1.emf}
                                                  
Try typing  <return>  to proceed.
If that doesn't work, type  X <return>  to quit.


LaTeX Warning: File `media/image2.wmf' not found on input line 1561.


/home/omarlizardo/CULTURE PROJECTS/OMAR PROJECTS/lizardo-taste-stability/manuscript.tex:1561: LaTeX Error: Unknown graphics extension: .wmf.

See the LaTeX manual or LaTeX Companion for explanation.
Type  H <return>  for immediate help.
 ...                                              
                                                  
l.1561 ...97in,height=1.83194in]{media/image2.wmf}
                                                  
Try typing  <return>  to proceed.
If that doesn't work, type  X <return>  to quit.


Overfull \hbox (5.42717pt too wide) in paragraph at lines 1595--1596
[]|\T1/lmr/m/n/10 (-20) Random  
 []


Overfull \hbox (6.52237pt too wide) in paragraph at lines 1599--1600
[]\T1/lmr/m/n/10 (-20) Random  
 []


Overfull \hbox (3.27287pt too wide) in paragraph at lines 1601--1601
[]|\T1/lmr/m/n/10 (-20) Lagged|  
 []


Overfull \hbox (7.77687pt too wide) in paragraph at lines 1601--1602
[]|\T1/lmr/m/n/10 (-20) Random  
 []


Overfull \hbox (5.009pt too wide) in paragraph at lines 1605--1606
[]\T1/lmr/m/n/10 (-20) Random  
 []


Overfull \hbox (1.48047pt too wide) in paragraph at lines 1608--1608
[]|\T1/lmr/m/n/10 (-20) 0.0289*|  
 []


Overfull \hbox (4.77005pt too wide) in paragraph at lines 1608--1608
[]|\T1/lmr/m/n/10 (-20) 0.0874*|  
 []


Overfull \hbox (3.83017pt too wide) in paragraph at lines 1608--1609
[]|\T1/lmr/m/n/10 (-20) 0.0504*|  
 []


Overfull \hbox (4.2029pt too wide) in paragraph at lines 1611--1611
\T1/lmr/m/n/10 (-20) 0.0623+|  
 []


Overfull \hbox (1.48047pt too wide) in paragraph at lines 1614--1614
[]|\T1/lmr/m/n/10 (-20) 0.00461|  
 []


Overfull \hbox (2.57567pt too wide) in paragraph at lines 1614--1614
\T1/lmr/m/n/10 (-20) 0.00680|  
 []


Overfull \hbox (4.77005pt too wide) in paragraph at lines 1614--1614
[]|\T1/lmr/m/n/10 (-20) 0.0768*|  
 []


Overfull \hbox (3.83017pt too wide) in paragraph at lines 1614--1614
[]|\T1/lmr/m/n/10 (-20) 0.0907*|  
 []


Overfull \hbox (1.0623pt too wide) in paragraph at lines 1615--1616
[]|\T1/lmr/m/n/10 (-20) 0.0671*|  
 []


Overfull \hbox (3.83017pt too wide) in paragraph at lines 1618--1618
[]|\T1/lmr/m/n/10 (-20) 0.00358|  
 []


Overfull \hbox (1.48047pt too wide) in paragraph at lines 1620--1620
[]|\T1/lmr/m/n/10 (-20) 0.00392|  
 []


Overfull \hbox (1.48047pt too wide) in paragraph at lines 1620--1620
[]|\T1/lmr/m/n/10 (-20) 0.00684|  
 []


Overfull \hbox (1.0623pt too wide) in paragraph at lines 1620--1621
[]|\T1/lmr/m/n/10 (-20) 0.00837|  
 []


Overfull \hbox (6.38046pt too wide) in paragraph at lines 1622--1622
[]|\T1/lmr/m/n/10 (-20) 0.00486*|  
 []


Overfull \hbox (6.38046pt too wide) in paragraph at lines 1622--1622
[]|\T1/lmr/m/n/10 (-20) 0.000912|  
 []


Overfull \hbox (2.57567pt too wide) in paragraph at lines 1622--1622
[]|\T1/lmr/m/n/10 (-20) 0.00144|  
 []


Overfull \hbox (4.77005pt too wide) in paragraph at lines 1622--1622
[]|\T1/lmr/m/n/10 (-20) 0.00194|  
 []


Overfull \hbox (3.83017pt too wide) in paragraph at lines 1622--1622
[]|\T1/lmr/m/n/10 (-20) 0.00205|  
 []


Overfull \hbox (8.68472pt too wide) in paragraph at lines 1622--1623
[]|\T1/lmr/m/n/10 (-20) 0.00772+|  
 []


Overfull \hbox (1.48047pt too wide) in paragraph at lines 1624--1624
\T1/lmr/m/n/10 (-20) 0.00485|  
 []


Overfull \hbox (2.57567pt too wide) in paragraph at lines 1624--1624
[]|\T1/lmr/m/n/10 (-20) 0.00220|  
 []


Overfull \hbox (3.83017pt too wide) in paragraph at lines 1630--1630
[]|\T1/lmr/m/n/10 (-20) 0.00704|  
 []


/home/omarlizardo/CULTURE PROJECTS/OMAR PROJECTS/lizardo-taste-stability/manuscript.tex:1634: LaTeX Error: Unicode character χ (U+03C7)
               not set up for use with LaTeX.

See the LaTeX manual or LaTeX Companion for explanation.
Type  H <return>  for immediate help.
 ...                                              
                                                  
l.1634 χ
         \textsuperscript{2} & & 319.7 & 51.55 & & & 54.09 & 21.85 \\
You may provide a definition with
\DeclareUnicodeCharacter 


Overfull \hbox (164.92749pt too wide) in alignment at lines 1594--1637
 [] [] [] [] [] [] [] [] 
 []


Package longtable Warning: Column widths have changed
(longtable)                in table 1 on input line 1637.

[27]

/home/omarlizardo/CULTURE PROJECTS/OMAR PROJECTS/lizardo-taste-stability/manuscript.tex:1677: LaTeX Error: Unicode character Δ (U+0394)
               not set up for use with LaTeX.

See the LaTeX manual or LaTeX Companion for explanation.
Type  H <return>  for immediate help.
 ...                                              
                                                  
l.1677 Δ
          Social Interaction & 561 & 0.81 & -\/- & 0 & 1 \\
You may provide a definition with
\DeclareUnicodeCharacter 


/home/omarlizardo/CULTURE PROJECTS/OMAR PROJECTS/lizardo-taste-stability/manuscript.tex:1678: LaTeX Error: Unicode character Δ (U+0394)
               not set up for use with LaTeX.

See the LaTeX manual or LaTeX Companion for explanation.
Type  H <return>  for immediate help.
 ...                                              
                                                  
l.1678 Δ
          Organizational Memberships & 561 & 0.79 & -\/- & 0 & 1 \\
You may provide a definition with
\DeclareUnicodeCharacter 


/home/omarlizardo/CULTURE PROJECTS/OMAR PROJECTS/lizardo-taste-stability/manuscript.tex:1679: LaTeX Error: Unicode character Δ (U+0394)
               not set up for use with LaTeX.

See the LaTeX manual or LaTeX Companion for explanation.
Type  H <return>  for immediate help.
 ...                                              
                                                  
l.1679 Δ
          Educational Status & 561 & 0.33 & -\/- & 0 & 1 \\
You may provide a definition with
\DeclareUnicodeCharacter 


/home/omarlizardo/CULTURE PROJECTS/OMAR PROJECTS/lizardo-taste-stability/manuscript.tex:1680: LaTeX Error: Unicode character Δ (U+0394)
               not set up for use with LaTeX.

See the LaTeX manual or LaTeX Companion for explanation.
Type  H <return>  for immediate help.
 ...                                              
                                                  
l.1680 Δ
          Geographic Location & 561 & 0.53 & -\/- & 0 & 1 \\
You may provide a definition with
\DeclareUnicodeCharacter 


/home/omarlizardo/CULTURE PROJECTS/OMAR PROJECTS/lizardo-taste-stability/manuscript.tex:1681: LaTeX Error: Unicode character Δ (U+0394)
               not set up for use with LaTeX.

See the LaTeX manual or LaTeX Companion for explanation.
Type  H <return>  for immediate help.
 ...                                              
                                                  
l.1681 Δ
          Work Status & 561 & 0.24 & -\/- & 0 & 1 \\
You may provide a definition with
\DeclareUnicodeCharacter 


/home/omarlizardo/CULTURE PROJECTS/OMAR PROJECTS/lizardo-taste-stability/manuscript.tex:1682: LaTeX Error: Unicode character Δ (U+0394)
               not set up for use with LaTeX.

See the LaTeX manual or LaTeX Companion for explanation.
Type  H <return>  for immediate help.
 ...                                              
                                                  
l.1682 Δ
          Marital Status & 561 & 0.08 & -\/- & 0 & 1 \\
You may provide a definition with
\DeclareUnicodeCharacter 


/home/omarlizardo/CULTURE PROJECTS/OMAR PROJECTS/lizardo-taste-stability/manuscript.tex:1683: LaTeX Error: Unicode character Δ (U+0394)
               not set up for use with LaTeX.

See the LaTeX manual or LaTeX Companion for explanation.
Type  H <return>  for immediate help.
 ...                                              
                                                  
l.1683 Δ
          N. of Children & 561 & 0.08 & -\/- & 0 & 1 \\
You may provide a definition with
\DeclareUnicodeCharacter 

[28] [29]

Package longtable Warning: Table widths have changed. Rerun LaTeX.

[30] (./manuscript.aux)
 ***********
LaTeX2e <2026-06-01>
L3 programming layer <2026-06-18>
 ***********


LaTeX Warning: Label(s) may have changed. Rerun to get cross-references right.

 ) 
Here is how much of TeX's memory you used:
 13439 strings out of 469097
 212970 string characters out of 5457857
 702228 words of memory out of 5000000
 41934 multiletter control sequences out of 15000+600000
 712934 words of font info for 221 fonts, out of 8000000 for 9000
 36 hyphenation exceptions out of 8191
 83i,7n,93p,1201b,607s stack positions out of 10000i,1000n,20000p,200000b,200000s
</home/omarlizardo/.TinyTeX/texmf-dist/fonts/type1/public/lm/lmbx10.pfb></home/omarlizardo/.TinyTeX/texmf-dist/fonts/type1/public/lm/lmbx12.pfb></home/omarlizardo/.TinyTeX/texmf-dist/fonts/type1/public/lm/lmex10.pfb></home/omarlizardo/.TinyTeX/texmf-dist/fonts/type1/public/lm/lmmi10.pfb></home/omarlizardo/.TinyTeX/texmf-dist/fonts/type1/public/lm/lmmi7.pfb></home/omarlizardo/.TinyTeX/texmf-dist/fonts/type1/public/lm/lmr10.pfb></home/omarlizardo/.TinyTeX/texmf-dist/fonts/type1/public/lm/lmr12.pfb></home/omarlizardo/.TinyTeX/texmf-dist/fonts/type1/public/lm/lmr17.pfb></home/omarlizardo/.TinyTeX/texmf-dist/fonts/type1/public/lm/lmr6.pfb></home/omarlizardo/.TinyTeX/texmf-dist/fonts/type1/public/lm/lmr7.pfb></home/omarlizardo/.TinyTeX/texmf-dist/fonts/type1/public/lm/lmr8.pfb></home/omarlizardo/.TinyTeX/texmf-dist/fonts/type1/public/lm/lmri10.pfb></home/omarlizardo/.TinyTeX/texmf-dist/fonts/type1/public/lm/lmri7.pfb></home/omarlizardo/.TinyTeX/texmf-dist/fonts/type1/public/lm/lmri8.pfb></home/omarlizardo/.TinyTeX/texmf-dist/fonts/type1/public/lm/lmsy10.pfb>
Output written on manuscript.pdf (30 pages, 375003 bytes).
PDF statistics:
 345 PDF objects out of 1000 (max. 8388607)
 276 compressed objects within 3 object streams
 62 named destinations out of 1000 (max. 500000)
 47265 words of extra memory for PDF output out of 51595 (max. 10000000)

